<?xml version="1.0" encoding="UTF-8" ?>
<testsuite tests="5" failures="0" name="TestBatch" time="4.183" errors="0" skipped="0">
  <properties>
[...]
</properties>
  <testcase classname="TestBatch" name="test_GetAllBatch" time="3.371"/>
  <testcase classname="TestBatch" name="test_GetOneBatch_07J" time="0.218"/>
  <testcase classname="TestBatch" name="test_GetOneBatch_08M" time="0.203"/>
  <testcase classname="TestBatch" name="test_GetOneBatch_09T" time="0.141"/>
  <testcase classname="TestBatch" name="test_Batch_not_found" time="0.187"/>
</testsuite>